Started at Sat Jul 17 16:08:29 UTC 2021
Processing c
Offering c to Project Build Discarder
Finished at Sat Jul 17 16:08:29 UTC 2021. 8ms
Started at Sat Jul 17 17:08:29 UTC 2021
Processing c
Offering c to Project Build Discarder
Finished at Sat Jul 17 17:08:29 UTC 2021. 6ms
Started at Sat Jul 17 18:08:29 UTC 2021
Processing c
Offering c to Project Build Discarder
Finished at Sat Jul 17 18:08:29 UTC 2021. 2ms
Started at Sat Jul 17 19:08:29 UTC 2021
Processing c
Offering c to Project Build Discarder
Finished at Sat Jul 17 19:08:29 UTC 2021. 1ms
Started at Sat Jul 17 20:08:29 UTC 2021
Processing c
Offering c to Project Build Discarder
Finished at Sat Jul 17 20:08:29 UTC 2021. 2ms
Started at Sat Jul 17 21:08:29 UTC 2021
Processing c
Offering c to Project Build Discarder
Finished at Sat Jul 17 21:08:29 UTC 2021. 1ms
Started at Sat Jul 17 22:08:29 UTC 2021
Processing c
Offering c to Project Build Discarder
Finished at Sat Jul 17 22:08:29 UTC 2021. 2ms
Started at Sat Jul 17 23:08:29 UTC 2021
Processing c
Offering c to Project Build Discarder
Finished at Sat Jul 17 23:08:29 UTC 2021. 5ms
Started at Sun Jul 18 00:08:29 UTC 2021
Processing c
Offering c to Project Build Discarder
Finished at Sun Jul 18 00:08:29 UTC 2021. 1ms
Started at Sun Jul 18 01:08:29 UTC 2021
Processing c
Offering c to Project Build Discarder
Finished at Sun Jul 18 01:08:29 UTC 2021. 1ms
Started at Sun Jul 18 02:08:29 UTC 2021
Processing c
Offering c to Project Build Discarder
Finished at Sun Jul 18 02:08:29 UTC 2021. 1ms
Started at Sun Jul 18 03:08:29 UTC 2021
Processing c
Offering c to Project Build Discarder
Finished at Sun Jul 18 03:08:29 UTC 2021. 1ms
Started at Sun Jul 18 04:08:29 UTC 2021
Processing c
Offering c to Project Build Discarder
Finished at Sun Jul 18 04:08:29 UTC 2021. 1ms
Started at Sun Jul 18 05:08:29 UTC 2021
Processing c
Offering c to Project Build Discarder
Finished at Sun Jul 18 05:08:29 UTC 2021. 3ms
Started at Sun Jul 18 06:08:29 UTC 2021
Processing c
Offering c to Project Build Discarder
Finished at Sun Jul 18 06:08:29 UTC 2021. 5ms
Started at Sun Jul 18 07:08:29 UTC 2021
Processing c
Offering c to Project Build Discarder
Finished at Sun Jul 18 07:08:29 UTC 2021. 1ms
Started at Sun Jul 18 08:08:29 UTC 2021
Processing c
Offering c to Project Build Discarder
Finished at Sun Jul 18 08:08:29 UTC 2021. 1ms
Started at Sun Jul 18 09:08:29 UTC 2021
Processing c
Offering c to Project Build Discarder
Finished at Sun Jul 18 09:08:29 UTC 2021. 1ms
Started at Sun Jul 18 10:08:29 UTC 2021
Processing c
Offering c to Project Build Discarder
Finished at Sun Jul 18 10:08:29 UTC 2021. 0ms
Started at Sun Jul 18 11:08:29 UTC 2021
Processing c
Offering c to Project Build Discarder
Finished at Sun Jul 18 11:08:29 UTC 2021. 2ms
